<?xml version="1.0" encoding="UTF-8"?>
<testng-results skipped="0" failed="0" ignored="0" total="6" passed="6">
  <reporter-output>
  </reporter-output>
  <suite name="Default suite" duration-ms="64685" started-at="2023-09-06T19:02:15Z" finished-at="2023-09-06T19:03:20Z">
    <groups>
    </groups>
    <test name="Default test" duration-ms="64685" started-at="2023-09-06T19:02:15Z" finished-at="2023-09-06T19:03:20Z">
      <class name="Oneplus_Webpage.Page_Open_Close">
        <test-method status="PASS" signature="Page_Open()[pri:0, instance:Oneplus_Webpage.Page_Open_Close@2f8f11]" name="Page_Open" is-config="true" duration-ms="11582" started-at="2023-09-06T19:02:15Z" finished-at="2023-09-06T19:02:27Z">
          <reporter-output>
          </reporter-output>
        </test-method> <!-- Page_Open -->
        <test-method status="PASS" signature="Selecting_phone_option()[pri:1, instance:Oneplus_Webpage.Page_Open_Close@2f8f11]" name="Selecting_phone_option" duration-ms="351" started-at="2023-09-06T19:02:27Z" finished-at="2023-09-06T19:02:27Z">
          <reporter-output>
          </reporter-output>
        </test-method> <!-- Selecting_phone_option -->
        <test-method status="PASS" signature="Cookies_Popup()[pri:2, instance:Oneplus_Webpage.Page_Open_Close@2f8f11]" name="Cookies_Popup" duration-ms="3833" started-at="2023-09-06T19:02:27Z" finished-at="2023-09-06T19:02:31Z">
          <reporter-output>
          </reporter-output>
        </test-method> <!-- Cookies_Popup -->
        <test-method status="PASS" signature="Sort_N_Filter()[pri:3, instance:Oneplus_Webpage.Page_Open_Close@2f8f11]" name="Sort_N_Filter" duration-ms="1105" started-at="2023-09-06T19:02:31Z" finished-at="2023-09-06T19:02:32Z">
          <reporter-output>
          </reporter-output>
        </test-method> <!-- Sort_N_Filter -->
        <test-method status="PASS" signature="Selecting_Oneplus11()[pri:4, instance:Oneplus_Webpage.Page_Open_Close@2f8f11]" name="Selecting_Oneplus11" duration-ms="573" started-at="2023-09-06T19:02:32Z" finished-at="2023-09-06T19:02:33Z">
          <reporter-output>
          </reporter-output>
        </test-method> <!-- Selecting_Oneplus11 -->
        <test-method status="PASS" signature="Verify_N_AddToCart()[pri:5, instance:Oneplus_Webpage.Page_Open_Close@2f8f11]" name="Verify_N_AddToCart" duration-ms="8272" started-at="2023-09-06T19:02:33Z" finished-at="2023-09-06T19:02:41Z">
          <reporter-output>
          </reporter-output>
        </test-method> <!-- Verify_N_AddToCart -->
        <test-method status="PASS" signature="Checkout()[pri:6, instance:Oneplus_Webpage.Page_Open_Close@2f8f11]" name="Checkout" duration-ms="8203" started-at="2023-09-06T19:02:41Z" finished-at="2023-09-06T19:02:49Z">
          <reporter-output>
          </reporter-output>
        </test-method> <!-- Checkout -->
        <test-method status="PASS" signature="Page_Close()[pri:0, instance:Oneplus_Webpage.Page_Open_Close@2f8f11]" name="Page_Close" is-config="true" duration-ms="30723" started-at="2023-09-06T19:02:49Z" finished-at="2023-09-06T19:03:20Z">
          <reporter-output>
          </reporter-output>
        </test-method> <!-- Page_Close -->
      </class> <!-- Oneplus_Webpage.Page_Open_Close -->
    </test> <!-- Default test -->
  </suite> <!-- Default suite -->
</testng-results>
