<?xml version="1.0" encoding="UTF-8"?>
<!-- Generated by org.testng.reporters.JUnitXMLReporter -->
<testsuite hostname="Home-PC" ignored="0" name="Default test" tests="6" failures="0" timestamp="06 Sep 2023 19:03:20 GMT" time="64.685" errors="0">
  <testcase name="Selecting_phone_option" time="0.351" classname="Oneplus_Webpage.Page_Open_Close"/>
  <testcase name="Cookies_Popup" time="3.833" classname="Oneplus_Webpage.Page_Open_Close"/>
  <testcase name="Sort_N_Filter" time="1.105" classname="Oneplus_Webpage.Page_Open_Close"/>
  <testcase name="Selecting_Oneplus11" time="0.573" classname="Oneplus_Webpage.Page_Open_Close"/>
  <testcase name="Verify_N_AddToCart" time="8.272" classname="Oneplus_Webpage.Page_Open_Close"/>
  <testcase name="Checkout" time="8.203" classname="Oneplus_Webpage.Page_Open_Close"/>
</testsuite> <!-- Default test -->
